[INFO ] 11-06-2022 19:01:47 [main] Log - Test case: add2SanPhamKhacNhauVaoGioHang test is starting...
[INFO ] 11-06-2022 19:01:48 [main] Log - Set text của By.id: search_input roi Enter
[INFO ] 11-06-2022 19:01:50 [main] Log - [Click] vào By.xpath: (//form[contains(@name,'product_form')]/div[1])[1]
[INFO ] 11-06-2022 19:01:52 [main] Log - [SelectOption] By.xpath: //div[contains(@class,'choice-quantity')]//select by text 1
[INFO ] 11-06-2022 19:01:52 [main] Log - [Click] vào By.xpath: //div[contains(@class,'add-cart-button')]//button
[INFO ] 11-06-2022 19:01:53 [main] Log - [Click] vào By.xpath: //div[@class='ty-logo-container']//img
[INFO ] 11-06-2022 19:01:56 [main] Log - Set text của By.id: search_input roi Enter
[INFO ] 11-06-2022 19:01:58 [main] Log - [Click] vào By.xpath: (//form[contains(@name,'product_form')]/div[1])[1]
[INFO ] 11-06-2022 19:02:01 [main] Log - [SelectOption] By.xpath: //div[contains(@class,'choice-quantity')]//select by text 1
[INFO ] 11-06-2022 19:02:01 [main] Log - [Click] vào By.xpath: //div[contains(@class,'add-cart-button')]//button
[INFO ] 11-06-2022 19:02:03 [main] Log - [Verify Element text] của: By.xpath: (//li[contains(@class,'ty-order-products__item')]/a[1])[2] với value: Đồ Bộ Cho Bé Trai Tay Ngắn In Hình Sành Điệu Size Đại Cồ (5 - 13 tuổi)
[INFO ] 11-06-2022 19:02:03 [main] Log - [Verify Element text] của: By.xpath: (//li[contains(@class,'ty-order-products__item')]/div/span)[2] với value: 179.000
[INFO ] 11-06-2022 19:02:03 [main] Log - [Verify Element text] của: By.xpath: (//li[contains(@class,'ty-order-products__item')]/a[1])[1] với value: Quần Jean Dài Cho Bé Gái Ống Loe Sành Điệu Size Đại (6 - 11 tuổi)
[INFO ] 11-06-2022 19:02:03 [main] Log - [Verify Element text] của: By.xpath: (//li[contains(@class,'ty-order-products__item')]/div/span)[1] với value: 189.000
[INFO ] 11-06-2022 19:02:03 [main] Log - [Verify Element text] của: By.xpath: //tbody/tr/td[contains(text(),'sản phẩm')] với value: 2 sản phẩm
[INFO ] 11-06-2022 19:02:03 [main] Log - [Verify Element text] của: By.xpath: //tbody/tr/td[contains(text(),'sản phẩm')]/following-sibling::td/span/span với value: 368.000
[INFO ] 11-06-2022 19:02:03 [main] Log - Test case: add2SanPhamKhacNhauVaoGioHang is passed.
[INFO ] 11-06-2022 19:02:04 [main] Log - Test case: add2SanPhamVaoGioHang test is starting...
[ERROR] 11-06-2022 19:02:34 [main] Log - Đây là test case bị fail: add2SanPhamVaoGioHang
[ERROR] 11-06-2022 19:02:34 [main] Log - Test case: add2SanPhamVaoGioHang is failed.
[INFO ] 11-06-2022 19:02:34 [main] Log - Test case: addMotSanPhamVaoGioHang test is starting...
[ERROR] 11-06-2022 19:03:04 [main] Log - Đây là test case bị fail: addMotSanPhamVaoGioHang
[ERROR] 11-06-2022 19:03:05 [main] Log - Test case: addMotSanPhamVaoGioHang is failed.
[INFO ] 11-06-2022 19:03:05 [main] Log - Test case: addSanPham2LanVaoGioHang test is starting...
