[INFO ] 11-06-2022 18:54:38 [main] Log - Test case: add2SanPhamKhacNhauVaoGioHang test is starting...
[INFO ] 11-06-2022 18:54:38 [main] Log - Set text của By.id: search_input roi Enter
[INFO ] 11-06-2022 18:54:40 [main] Log - [Click] vào By.xpath: (//form[contains(@name,'product_form')]/div[1])[1]
[INFO ] 11-06-2022 18:54:43 [main] Log - [SelectOption] By.xpath: //div[contains(@class,'choice-quantity')]//select by text 1
[INFO ] 11-06-2022 18:54:44 [main] Log - [Click] vào By.xpath: //div[contains(@class,'add-cart-button')]//button
[INFO ] 11-06-2022 18:54:45 [main] Log - [Click] vào By.xpath: //div[@class='ty-logo-container']//img
[INFO ] 11-06-2022 18:54:48 [main] Log - Set text của By.id: search_input roi Enter
[INFO ] 11-06-2022 18:54:49 [main] Log - [Click] vào By.xpath: (//form[contains(@name,'product_form')]/div[1])[1]
[INFO ] 11-06-2022 18:54:53 [main] Log - [SelectOption] By.xpath: //div[contains(@class,'choice-quantity')]//select by text 1
[INFO ] 11-06-2022 18:54:53 [main] Log - [Click] vào By.xpath: //div[contains(@class,'add-cart-button')]//button
[INFO ] 11-06-2022 18:54:55 [main] Log - [Verify Element text] của: By.xpath: (//li[contains(@class,'ty-order-products__item')]/a[1])[2] với value: Đồ Bộ Cho Bé Trai Tay Ngắn In Hình Sành Điệu Size Đại Cồ (5 - 13 tuổi)
[INFO ] 11-06-2022 18:54:55 [main] Log - [Verify Element text] của: By.xpath: (//li[contains(@class,'ty-order-products__item')]/div/span)[2] với value: 179.000
[INFO ] 11-06-2022 18:54:55 [main] Log - [Verify Element text] của: By.xpath: (//li[contains(@class,'ty-order-products__item')]/a[1])[1] với value: Quần Jean Dài Cho Bé Gái Ống Loe Sành Điệu Size Đại (6 - 11 tuổi)
[INFO ] 11-06-2022 18:54:56 [main] Log - [Verify Element text] của: By.xpath: (//li[contains(@class,'ty-order-products__item')]/div/span)[1] với value: 189.000
[INFO ] 11-06-2022 18:54:56 [main] Log - [Verify Element text] của: By.xpath: //tbody/tr/td[contains(text(),'sản phẩm')] với value: 2 sản phẩm
[INFO ] 11-06-2022 18:54:56 [main] Log - [Verify Element text] của: By.xpath: //tbody/tr/td[contains(text(),'sản phẩm')]/following-sibling::td/span/span với value: 368.000
[INFO ] 11-06-2022 18:54:56 [main] Log - Test case: add2SanPhamKhacNhauVaoGioHang is passed.
[INFO ] 11-06-2022 18:55:02 [main] Log - Test case: add2SanPhamVaoGioHang test is starting...
[INFO ] 11-06-2022 18:55:02 [main] Log - Set text của By.id: search_input roi Enter
[INFO ] 11-06-2022 18:55:04 [main] Log - [Click] vào By.xpath: (//form[contains(@name,'product_form')]/div[1])[1]
[INFO ] 11-06-2022 18:55:05 [main] Log - [SelectOption] By.xpath: //div[contains(@class,'choice-quantity')]//select by text 2
[INFO ] 11-06-2022 18:55:06 [main] Log - [Click] vào By.xpath: //div[contains(@class,'add-cart-button')]//button
[INFO ] 11-06-2022 18:55:07 [main] Log - [Verify Element text] của: By.xpath: (//li[contains(@class,'ty-order-products__item')]/a[1])[1] với value: Đồ Bộ Cho Bé Trai Tay Ngắn In Hình Sành Điệu Size Đại Cồ (5 - 13 tuổi)
[INFO ] 11-06-2022 18:55:07 [main] Log - [Verify Element text] của: By.xpath: (//li[contains(@class,'ty-order-products__item')]/div/span)[1] với value: 179.000
[INFO ] 11-06-2022 18:55:07 [main] Log - [Verify Element text] của: By.xpath: //tbody/tr/td[contains(text(),'sản phẩm')] với value: 2 sản phẩm
[INFO ] 11-06-2022 18:55:07 [main] Log - [Verify Element text] của: By.xpath: //tbody/tr/td[contains(text(),'sản phẩm')]/following-sibling::td/span/span với value: 358.000
[INFO ] 11-06-2022 18:55:07 [main] Log - Test case: add2SanPhamVaoGioHang is passed.
[INFO ] 11-06-2022 18:55:12 [main] Log - Test case: addMotSanPhamVaoGioHang test is starting...
[INFO ] 11-06-2022 18:55:12 [main] Log - Set text của By.id: search_input roi Enter
[INFO ] 11-06-2022 18:55:14 [main] Log - [Click] vào By.xpath: (//form[contains(@name,'product_form')]/div[1])[1]
[INFO ] 11-06-2022 18:55:16 [main] Log - [SelectOption] By.xpath: //div[contains(@class,'choice-quantity')]//select by text 1
[INFO ] 11-06-2022 18:55:16 [main] Log - [Click] vào By.xpath: //div[contains(@class,'add-cart-button')]//button
[INFO ] 11-06-2022 18:55:17 [main] Log - [Verify Element text] của: By.xpath: (//li[contains(@class,'ty-order-products__item')]/a[1])[1] với value: Đồ Bộ Cho Bé Trai Tay Ngắn In Hình Sành Điệu Size Đại Cồ (5 - 13 tuổi)
[INFO ] 11-06-2022 18:55:17 [main] Log - [Verify Element text] của: By.xpath: (//li[contains(@class,'ty-order-products__item')]/div/span)[1] với value: 179.000
[INFO ] 11-06-2022 18:55:17 [main] Log - [Verify Element text] của: By.xpath: //tbody/tr/td[contains(text(),'sản phẩm')] với value: 1 sản phẩm
[INFO ] 11-06-2022 18:55:17 [main] Log - [Verify Element text] của: By.xpath: //tbody/tr/td[contains(text(),'sản phẩm')]/following-sibling::td/span/span với value: 179.000
[INFO ] 11-06-2022 18:55:18 [main] Log - Test case: addMotSanPhamVaoGioHang is passed.
[INFO ] 11-06-2022 18:55:22 [main] Log - Test case: addSanPham2LanVaoGioHang test is starting...
[INFO ] 11-06-2022 18:55:22 [main] Log - Set text của By.id: search_input roi Enter
[INFO ] 11-06-2022 18:55:24 [main] Log - [Click] vào By.xpath: (//form[contains(@name,'product_form')]/div[1])[1]
[INFO ] 11-06-2022 18:55:26 [main] Log - [SelectOption] By.xpath: //div[contains(@class,'choice-quantity')]//select by text 1
[INFO ] 11-06-2022 18:55:26 [main] Log - [Click] vào By.xpath: //div[contains(@class,'add-cart-button')]//button
[INFO ] 11-06-2022 18:55:27 [main] Log - [Click] vào By.xpath: //div[@class='ty-logo-container']//img
[INFO ] 11-06-2022 18:55:29 [main] Log - Set text của By.id: search_input roi Enter
[INFO ] 11-06-2022 18:55:30 [main] Log - [Click] vào By.xpath: (//form[contains(@name,'product_form')]/div[1])[1]
[INFO ] 11-06-2022 18:55:32 [main] Log - [SelectOption] By.xpath: //div[contains(@class,'choice-quantity')]//select by text 1
[INFO ] 11-06-2022 18:55:32 [main] Log - [Click] vào By.xpath: //div[contains(@class,'add-cart-button')]//button
[INFO ] 11-06-2022 18:55:33 [main] Log - [Verify Element text] của: By.xpath: (//li[contains(@class,'ty-order-products__item')]/a[1])[1] với value: Đồ Bộ Cho Bé Trai Tay Ngắn In Hình Sành Điệu Size Đại Cồ (5 - 13 tuổi)
[INFO ] 11-06-2022 18:55:33 [main] Log - [Verify Element text] của: By.xpath: (//li[contains(@class,'ty-order-products__item')]/div/span)[1] với value: 179.000
[INFO ] 11-06-2022 18:55:33 [main] Log - [Verify Element text] của: By.xpath: //tbody/tr/td[contains(text(),'sản phẩm')] với value: 2 sản phẩm
[INFO ] 11-06-2022 18:55:33 [main] Log - [Verify Element text] của: By.xpath: //tbody/tr/td[contains(text(),'sản phẩm')]/following-sibling::td/span/span với value: 358.000
[INFO ] 11-06-2022 18:55:33 [main] Log - Test case: addSanPham2LanVaoGioHang is passed.
[INFO ] 11-06-2022 18:55:39 [main] Log - Test case: verifyGioHangChuaCoSP test is starting...
[INFO ] 11-06-2022 18:55:39 [main] Log - [Click] vào By.xpath: //div[contains(@class,'babi-cart')]
[INFO ] 11-06-2022 18:55:39 [main] Log - [Verify Element text] của: By.xpath: //div[@class='ty-cart-items']/div với value: Bạn chưa thêm sản phẩm vào Giỏ
[INFO ] 11-06-2022 18:55:39 [main] Log - Test case: verifyGioHangChuaCoSP is passed.
[INFO ] 11-06-2022 18:55:40 [main] Log - End suite testing Test
